  play.cpp
L:\program\play\play.cpp(39,33): error C2665: “loadimage”: 2 个重载中没有一个可以转换所有参数类型
L:\visual\VC\Auxiliary\VS\include\easyx.h(256,6): message : 可能是“void loadimage(IMAGE *,LPCTSTR,int,int,bool)”
L:\program\play\play.cpp(39,33): message : 尝试匹配参数列表“(IMAGE *, const char [15])”时
L:\program\play\play.cpp(41,46): error C2665: “loadimage”: 2 个重载中没有一个可以转换所有参数类型
L:\visual\VC\Auxiliary\VS\include\easyx.h(256,6): message : 可能是“void loadimage(IMAGE *,LPCTSTR,int,int,bool)”
L:\program\play\play.cpp(41,46): message : 尝试匹配参数列表“(IMAGE *, const char [17])”时
L:\program\play\play.cpp(42,45): error C2665: “loadimage”: 2 个重载中没有一个可以转换所有参数类型
L:\visual\VC\Auxiliary\VS\include\easyx.h(256,6): message : 可能是“void loadimage(IMAGE *,LPCTSTR,int,int,bool)”
L:\program\play\play.cpp(42,45): message : 尝试匹配参数列表“(IMAGE *, const char [16])”时
L:\program\play\play.cpp(43,46): error C2665: “loadimage”: 2 个重载中没有一个可以转换所有参数类型
L:\visual\VC\Auxiliary\VS\include\easyx.h(256,6): message : 可能是“void loadimage(IMAGE *,LPCTSTR,int,int,bool)”
L:\program\play\play.cpp(43,46): message : 尝试匹配参数列表“(IMAGE *, const char [17])”时
L:\program\play\play.cpp(45,43): error C2665: “loadimage”: 2 个重载中没有一个可以转换所有参数类型
L:\visual\VC\Auxiliary\VS\include\easyx.h(256,6): message : 可能是“void loadimage(IMAGE *,LPCTSTR,int,int,bool)”
L:\program\play\play.cpp(45,43): message : 尝试匹配参数列表“(IMAGE *, const char [16])”时
L:\program\play\play.cpp(46,42): error C2665: “loadimage”: 2 个重载中没有一个可以转换所有参数类型
L:\visual\VC\Auxiliary\VS\include\easyx.h(256,6): message : 可能是“void loadimage(IMAGE *,LPCTSTR,int,int,bool)”
L:\program\play\play.cpp(46,42): message : 尝试匹配参数列表“(IMAGE *, const char [15])”时
L:\program\play\play.cpp(47,50): error C2665: “loadimage”: 2 个重载中没有一个可以转换所有参数类型
L:\visual\VC\Auxiliary\VS\include\easyx.h(256,6): message : 可能是“void loadimage(IMAGE *,LPCTSTR,int,int,bool)”
L:\program\play\play.cpp(47,50): message : 尝试匹配参数列表“(IMAGE *, const char [19])”时
L:\program\play\play.cpp(48,49): error C2665: “loadimage”: 2 个重载中没有一个可以转换所有参数类型
L:\visual\VC\Auxiliary\VS\include\easyx.h(256,6): message : 可能是“void loadimage(IMAGE *,LPCTSTR,int,int,bool)”
L:\program\play\play.cpp(48,49): message : 尝试匹配参数列表“(IMAGE *, const char [18])”时
L:\program\play\play.cpp(50,51): error C2665: “loadimage”: 2 个重载中没有一个可以转换所有参数类型
L:\visual\VC\Auxiliary\VS\include\easyx.h(256,6): message : 可能是“void loadimage(IMAGE *,LPCTSTR,int,int,bool)”
L:\program\play\play.cpp(50,51): message : 尝试匹配参数列表“(IMAGE *, const char [20])”时
L:\program\play\play.cpp(51,50): error C2665: “loadimage”: 2 个重载中没有一个可以转换所有参数类型
L:\visual\VC\Auxiliary\VS\include\easyx.h(256,6): message : 可能是“void loadimage(IMAGE *,LPCTSTR,int,int,bool)”
L:\program\play\play.cpp(51,50): message : 尝试匹配参数列表“(IMAGE *, const char [19])”时
L:\program\play\play.cpp(52,47): error C2665: “loadimage”: 2 个重载中没有一个可以转换所有参数类型
L:\visual\VC\Auxiliary\VS\include\easyx.h(256,6): message : 可能是“void loadimage(IMAGE *,LPCTSTR,int,int,bool)”
L:\program\play\play.cpp(52,47): message : 尝试匹配参数列表“(IMAGE *, const char [16])”时
L:\program\play\play.cpp(53,46): error C2665: “loadimage”: 2 个重载中没有一个可以转换所有参数类型
L:\visual\VC\Auxiliary\VS\include\easyx.h(256,6): message : 可能是“void loadimage(IMAGE *,LPCTSTR,int,int,bool)”
L:\program\play\play.cpp(53,46): message : 尝试匹配参数列表“(IMAGE *, const char [15])”时
L:\program\play\play.cpp(54,45): error C2665: “loadimage”: 2 个重载中没有一个可以转换所有参数类型
L:\visual\VC\Auxiliary\VS\include\easyx.h(256,6): message : 可能是“void loadimage(IMAGE *,LPCTSTR,int,int,bool)”
L:\program\play\play.cpp(54,45): message : 尝试匹配参数列表“(IMAGE *, const char [18])”时
L:\program\play\play.cpp(55,44): error C2665: “loadimage”: 2 个重载中没有一个可以转换所有参数类型
L:\visual\VC\Auxiliary\VS\include\easyx.h(256,6): message : 可能是“void loadimage(IMAGE *,LPCTSTR,int,int,bool)”
L:\program\play\play.cpp(55,44): message : 尝试匹配参数列表“(IMAGE *, const char [17])”时
L:\program\play\play.cpp(95,59): error C2664: “MCIERROR mciSendStringW(LPCWSTR,LPWSTR,UINT,HWND)”: 无法将参数 1 从“const char [27]”转换为“LPCWSTR”
L:\program\play\play.cpp(95,16): message : 与指向的类型无关；强制转换要求 reinterpret_cast、C 样式强制转换或函数样式强制转换
C:\Program Files (x86)\Windows Kits\10\Include\10.0.19041.0\um\mciapi.h(88,1): message : 参见“mciSendStringW”的声明
L:\program\play\play.cpp(96,66): error C2664: “MCIERROR mciSendStringW(LPCWSTR,LPWSTR,UINT,HWND)”: 无法将参数 1 从“const char [34]”转换为“LPCWSTR”
L:\program\play\play.cpp(96,16): message : 与指向的类型无关；强制转换要求 reinterpret_cast、C 样式强制转换或函数样式强制转换
C:\Program Files (x86)\Windows Kits\10\Include\10.0.19041.0\um\mciapi.h(88,1): message : 参见“mciSendStringW”的声明
L:\program\play\play.cpp(106,28): warning C4244: “参数”: 从“double”转换到“int”，可能丢失数据
L:\program\play\play.cpp(106,18): warning C4244: “参数”: 从“double”转换到“int”，可能丢失数据
L:\program\play\play.cpp(107,28): warning C4244: “参数”: 从“double”转换到“int”，可能丢失数据
L:\program\play\play.cpp(107,18): warning C4244: “参数”: 从“double”转换到“int”，可能丢失数据
L:\program\play\play.cpp(111,28): warning C4244: “参数”: 从“double”转换到“int”，可能丢失数据
L:\program\play\play.cpp(111,18): warning C4244: “参数”: 从“double”转换到“int”，可能丢失数据
L:\program\play\play.cpp(112,28): warning C4244: “参数”: 从“double”转换到“int”，可能丢失数据
L:\program\play\play.cpp(112,18): warning C4244: “参数”: 从“double”转换到“int”，可能丢失数据
L:\program\play\play.cpp(118,31): warning C4244: “参数”: 从“double”转换到“int”，可能丢失数据
L:\program\play\play.cpp(118,20): warning C4244: “参数”: 从“double”转换到“int”，可能丢失数据
L:\program\play\play.cpp(119,31): warning C4244: “参数”: 从“double”转换到“int”，可能丢失数据
L:\program\play\play.cpp(119,20): warning C4244: “参数”: 从“double”转换到“int”，可能丢失数据
L:\program\play\play.cpp(126,39): warning C4244: “参数”: 从“double”转换到“int”，可能丢失数据
L:\program\play\play.cpp(126,24): warning C4244: “参数”: 从“double”转换到“int”，可能丢失数据
L:\program\play\play.cpp(127,39): warning C4244: “参数”: 从“double”转换到“int”，可能丢失数据
L:\program\play\play.cpp(127,24): warning C4244: “参数”: 从“double”转换到“int”，可能丢失数据
L:\program\play\play.cpp(136,34): warning C4244: “参数”: 从“double”转换到“int”，可能丢失数据
L:\program\play\play.cpp(136,22): warning C4244: “参数”: 从“double”转换到“int”，可能丢失数据
L:\program\play\play.cpp(137,34): warning C4244: “参数”: 从“double”转换到“int”，可能丢失数据
L:\program\play\play.cpp(137,22): warning C4244: “参数”: 从“double”转换到“int”，可能丢失数据
L:\program\play\play.cpp(141,34): warning C4244: “参数”: 从“double”转换到“int”，可能丢失数据
L:\program\play\play.cpp(141,22): warning C4244: “参数”: 从“double”转换到“int”，可能丢失数据
L:\program\play\play.cpp(142,34): warning C4244: “参数”: 从“double”转换到“int”，可能丢失数据
L:\program\play\play.cpp(142,22): warning C4244: “参数”: 从“double”转换到“int”，可能丢失数据
L:\program\play\play.cpp(149,24): warning C4244: “参数”: 从“double”转换到“int”，可能丢失数据
L:\program\play\play.cpp(149,16): warning C4244: “参数”: 从“double”转换到“int”，可能丢失数据
L:\program\play\play.cpp(150,24): warning C4244: “参数”: 从“double”转换到“int”，可能丢失数据
L:\program\play\play.cpp(150,16): warning C4244: “参数”: 从“double”转换到“int”，可能丢失数据
L:\program\play\play.cpp(184,58): error C2664: “MCIERROR mciSendStringW(LPCWSTR,LPWSTR,UINT,HWND)”: 无法将参数 1 从“const char [25]”转换为“LPCWSTR”
L:\program\play\play.cpp(184,17): message : 与指向的类型无关；强制转换要求 reinterpret_cast、C 样式强制转换或函数样式强制转换
C:\Program Files (x86)\Windows Kits\10\Include\10.0.19041.0\um\mciapi.h(88,1): message : 参见“mciSendStringW”的声明
L:\program\play\play.cpp(243,56): error C2664: “MCIERROR mciSendStringW(LPCWSTR,LPWSTR,UINT,HWND)”: 无法将参数 1 从“const char [23]”转换为“LPCWSTR”
L:\program\play\play.cpp(243,17): message : 与指向的类型无关；强制转换要求 reinterpret_cast、C 样式强制转换或函数样式强制转换
C:\Program Files (x86)\Windows Kits\10\Include\10.0.19041.0\um\mciapi.h(88,1): message : 参见“mciSendStringW”的声明
L:\program\play\play.cpp(278,63): error C2664: “MCIERROR mciSendStringW(LPCWSTR,LPWSTR,UINT,HWND)”: 无法将参数 1 从“const char [28]”转换为“LPCWSTR”
L:\program\play\play.cpp(278,19): message : 与指向的类型无关；强制转换要求 reinterpret_cast、C 样式强制转换或函数样式强制转换
C:\Program Files (x86)\Windows Kits\10\Include\10.0.19041.0\um\mciapi.h(88,1): message : 参见“mciSendStringW”的声明
L:\program\play\play.cpp(280,64): error C2664: “MCIERROR mciSendStringW(LPCWSTR,LPWSTR,UINT,HWND)”: 无法将参数 1 从“const char [29]”转换为“LPCWSTR”
L:\program\play\play.cpp(280,19): message : 与指向的类型无关；强制转换要求 reinterpret_cast、C 样式强制转换或函数样式强制转换
C:\Program Files (x86)\Windows Kits\10\Include\10.0.19041.0\um\mciapi.h(88,1): message : 参见“mciSendStringW”的声明
L:\program\play\play.cpp(291,64): error C2664: “MCIERROR mciSendStringW(LPCWSTR,LPWSTR,UINT,HWND)”: 无法将参数 1 从“const char [29]”转换为“LPCWSTR”
L:\program\play\play.cpp(291,19): message : 与指向的类型无关；强制转换要求 reinterpret_cast、C 样式强制转换或函数样式强制转换
C:\Program Files (x86)\Windows Kits\10\Include\10.0.19041.0\um\mciapi.h(88,1): message : 参见“mciSendStringW”的声明
L:\program\play\play.cpp(330,61): error C2664: “MCIERROR mciSendStringW(LPCWSTR,LPWSTR,UINT,HWND)”: 无法将参数 1 从“const char [27]”转换为“LPCWSTR”
L:\program\play\play.cpp(330,18): message : 与指向的类型无关；强制转换要求 reinterpret_cast、C 样式强制转换或函数样式强制转换
C:\Program Files (x86)\Windows Kits\10\Include\10.0.19041.0\um\mciapi.h(88,1): message : 参见“mciSendStringW”的声明
L:\program\play\play.cpp(344,63): error C2664: “MCIERROR mciSendStringW(LPCWSTR,LPWSTR,UINT,HWND)”: 无法将参数 1 从“const char [29]”转换为“LPCWSTR”
L:\program\play\play.cpp(344,18): message : 与指向的类型无关；强制转换要求 reinterpret_cast、C 样式强制转换或函数样式强制转换
C:\Program Files (x86)\Windows Kits\10\Include\10.0.19041.0\um\mciapi.h(88,1): message : 参见“mciSendStringW”的声明
L:\program\play\play.cpp(356,63): error C2664: “MCIERROR mciSendStringW(LPCWSTR,LPWSTR,UINT,HWND)”: 无法将参数 1 从“const char [29]”转换为“LPCWSTR”
L:\program\play\play.cpp(356,18): message : 与指向的类型无关；强制转换要求 reinterpret_cast、C 样式强制转换或函数样式强制转换
C:\Program Files (x86)\Windows Kits\10\Include\10.0.19041.0\um\mciapi.h(88,1): message : 参见“mciSendStringW”的声明
L:\program\play\play.cpp(413,64): error C2664: “MCIERROR mciSendStringW(LPCWSTR,LPWSTR,UINT,HWND)”: 无法将参数 1 从“const char [30]”转换为“LPCWSTR”
L:\program\play\play.cpp(413,18): message : 与指向的类型无关；强制转换要求 reinterpret_cast、C 样式强制转换或函数样式强制转换
C:\Program Files (x86)\Windows Kits\10\Include\10.0.19041.0\um\mciapi.h(88,1): message : 参见“mciSendStringW”的声明
L:\program\play\play.cpp(478,59): error C2664: “MCIERROR mciSendStringW(LPCWSTR,LPWSTR,UINT,HWND)”: 无法将参数 1 从“const char [27]”转换为“LPCWSTR”
L:\program\play\play.cpp(478,16): message : 与指向的类型无关；强制转换要求 reinterpret_cast、C 样式强制转换或函数样式强制转换
C:\Program Files (x86)\Windows Kits\10\Include\10.0.19041.0\um\mciapi.h(88,1): message : 参见“mciSendStringW”的声明
