  play.cpp
L:\program\play\play.cpp(106,28): warning C4244: “参数”: 从“double”转换到“int”，可能丢失数据
L:\program\play\play.cpp(106,18): warning C4244: “参数”: 从“double”转换到“int”，可能丢失数据
L:\program\play\play.cpp(107,28): warning C4244: “参数”: 从“double”转换到“int”，可能丢失数据
L:\program\play\play.cpp(107,18): warning C4244: “参数”: 从“double”转换到“int”，可能丢失数据
L:\program\play\play.cpp(111,28): warning C4244: “参数”: 从“double”转换到“int”，可能丢失数据
L:\program\play\play.cpp(111,18): warning C4244: “参数”: 从“double”转换到“int”，可能丢失数据
L:\program\play\play.cpp(112,28): warning C4244: “参数”: 从“double”转换到“int”，可能丢失数据
L:\program\play\play.cpp(112,18): warning C4244: “参数”: 从“double”转换到“int”，可能丢失数据
L:\program\play\play.cpp(118,31): warning C4244: “参数”: 从“double”转换到“int”，可能丢失数据
L:\program\play\play.cpp(118,20): warning C4244: “参数”: 从“double”转换到“int”，可能丢失数据
L:\program\play\play.cpp(119,31): warning C4244: “参数”: 从“double”转换到“int”，可能丢失数据
L:\program\play\play.cpp(119,20): warning C4244: “参数”: 从“double”转换到“int”，可能丢失数据
L:\program\play\play.cpp(126,39): warning C4244: “参数”: 从“double”转换到“int”，可能丢失数据
L:\program\play\play.cpp(126,24): warning C4244: “参数”: 从“double”转换到“int”，可能丢失数据
L:\program\play\play.cpp(127,39): warning C4244: “参数”: 从“double”转换到“int”，可能丢失数据
L:\program\play\play.cpp(127,24): warning C4244: “参数”: 从“double”转换到“int”，可能丢失数据
L:\program\play\play.cpp(136,34): warning C4244: “参数”: 从“double”转换到“int”，可能丢失数据
L:\program\play\play.cpp(136,22): warning C4244: “参数”: 从“double”转换到“int”，可能丢失数据
L:\program\play\play.cpp(137,34): warning C4244: “参数”: 从“double”转换到“int”，可能丢失数据
L:\program\play\play.cpp(137,22): warning C4244: “参数”: 从“double”转换到“int”，可能丢失数据
L:\program\play\play.cpp(141,34): warning C4244: “参数”: 从“double”转换到“int”，可能丢失数据
L:\program\play\play.cpp(141,22): warning C4244: “参数”: 从“double”转换到“int”，可能丢失数据
L:\program\play\play.cpp(142,34): warning C4244: “参数”: 从“double”转换到“int”，可能丢失数据
L:\program\play\play.cpp(142,22): warning C4244: “参数”: 从“double”转换到“int”，可能丢失数据
L:\program\play\play.cpp(149,24): warning C4244: “参数”: 从“double”转换到“int”，可能丢失数据
L:\program\play\play.cpp(149,16): warning C4244: “参数”: 从“double”转换到“int”，可能丢失数据
L:\program\play\play.cpp(150,24): warning C4244: “参数”: 从“double”转换到“int”，可能丢失数据
L:\program\play\play.cpp(150,16): warning C4244: “参数”: 从“double”转换到“int”，可能丢失数据
  正在生成代码
  Previous IPDB not found, fall back to full compilation.
  All 33 functions were compiled because no usable IPDB/IOBJ from previous compilation was found.
  已完成代码的生成
  play.vcxproj -> L:\program\play\x64\Release\play.exe
